TRACE launcher : Reading included config 'common.cfg'
TRACE launcher : Reading included config 'types.cfg'
TRACE launcher : Setting 'loadabletypes.inspect.dir' to '../jars'
TRACE launcher : Setting 'loadabletypes.inspect.deep' to 'yes'
TRACE launcher : Setting 'random.seed' to '1'
TRACE launcher : Setting 'kernel.host' to 'localhost'
TRACE launcher : Setting 'kernel.port' to '7000'
TRACE launcher : Reading included config 'score.cfg'
TRACE launcher : Setting 'score.function' to 'rescuecore2.standard.score.LegacyScoreFunction'
TRACE launcher : Setting 'score.standard.building-fire.heating' to '0.66'
TRACE launcher : Setting 'score.standard.building-fire.burning' to '0.33'
TRACE launcher : Setting 'score.standard.building-fire.inferno' to '0.0'
TRACE launcher : Setting 'score.standard.building-fire.water-damage' to '0.90'
TRACE launcher : Setting 'score.standard.building-fire.minor-damage' to '0.75'
TRACE launcher : Setting 'score.standard.building-fire.moderate-damage' to '0.5'
TRACE launcher : Setting 'score.standard.building-fire.severe-damage' to '0.25'
TRACE launcher : Setting 'score.standard.building-fire.burnt-out' to '0'
TRACE launcher : Setting 'score.standard.building-fire.absolute' to 'false'
TRACE launcher : Setting 'score.standard.health.absolute' to 'false'
TRACE launcher : Setting 'view.standard.human.icons.size' to '24'
TRACE launcher : Setting 'view.standard.human.icons.use' to 'no'
INFO launcher : Processing jar directory: /Users/riccardoreffato/Desktop/rmas_exp/boot/../jars
INFO launcher : Processing ../jars/clear.jar
DEBUG launcher : Inspecting manifest...
DEBUG launcher : Looking for likely class names...
INFO launcher : Processing ../jars/collapse.jar
DEBUG launcher : Inspecting manifest...
DEBUG launcher : Looking for likely class names...
INFO launcher : Processing ../jars/gis2.jar
DEBUG launcher : Inspecting manifest...
DEBUG launcher : Looking for likely class names...
INFO launcher : Processing ../jars/handy.jar
DEBUG launcher : Inspecting manifest...
DEBUG launcher : Looking for likely class names...
INFO launcher : Processing ../jars/human.jar
DEBUG launcher : Inspecting manifest...
DEBUG launcher : Looking for likely class names...
INFO launcher : Processing ../jars/ignition.jar
DEBUG launcher : Inspecting manifest...
DEBUG launcher : Looking for likely class names...
INFO launcher : Processing ../jars/kernel.jar
DEBUG launcher : Inspecting manifest...
DEBUG launcher : Looking for likely class names...
INFO launcher : Processing ../jars/maps.jar
DEBUG launcher : Inspecting manifest...
DEBUG launcher : Looking for likely class names...
INFO launcher : Processing ../jars/misc.jar
DEBUG launcher : Inspecting manifest...
DEBUG launcher : Looking for likely class names...
INFO launcher : Processing ../jars/resq-fire.jar
DEBUG launcher : Inspecting manifest...
DEBUG launcher : Looking for likely class names...
INFO launcher : Processing ../jars/sample.jar
DEBUG launcher : Inspecting manifest...
DEBUG launcher : Looking for likely class names...
INFO launcher : No INSTANCE field in class sample.CustomRegistryTestAgent$CustomEntityFactory
INFO launcher : Could not instantiate class sample.CustomRegistryTestAgent$CustomEntityFactory
INFO launcher : Processing ../jars/standard.jar
DEBUG launcher : Inspecting manifest...
DEBUG launcher : Looking for likely class names...
INFO launcher : Registered entity factory 'rescuecore2.standard.entities.StandardEntityFactory' with registry System
INFO launcher : Registered property factory 'rescuecore2.standard.entities.StandardPropertyFactory' with registry System
INFO launcher : Registered message factory 'rescuecore2.standard.messages.StandardMessageFactory' with registry System
INFO launcher : Processing ../jars/traffic3.jar
DEBUG launcher : Inspecting manifest...
DEBUG launcher : Looking for likely class names...
INFO launcher : Launching 1 instances of component 'sample.SampleViewer'...
INFO launcher : Launching instance 1...
DEBUG sample.SampleViewer : Starting Connection from sample.SampleViewer. Registry: System
DEBUG sample.SampleViewer : Instantiating random number generator: org.uncommons.maths.random.MersenneTwisterRNG
DEBUG sample.SampleViewer : Using seed 1
TRACE sample.SampleViewer : Trying to find a SeedGenerator constructor
TRACE sample.SampleViewer : Success
INFO sample.SampleViewer : Sample viewer connected
DEBUG sample.SampleViewer : Re-indexing world model
DEBUG sample.SampleViewer : Finished re-index. Took 316ms
INFO launcher : success
INFO launcher : Launching 1 instances of component 'Benchmark'...
INFO launcher : Could not find class Benchmark
INFO launcher : Launching 1 instances of component 'Team'...
INFO launcher : Could not find class Team
